checking for -Werror=unknown-warning-option... no
Failed commandline was:
--------------------------------------------------
/home/guangliwu/Enviroment/android-ndk-r12b/toolchains/arm-linux-androideabi-4.9/prebuilt/linux-x86_64/bin/arm-linux-androideabi-gcc conftest.c  -Wall -I. -I$(SRCPATH) --sysroot=/home/guangliwu/Enviroment/android-ndk-r12b/platforms/android-15/arch-arm/  -Werror=unknown-warning-option   --sysroot=/home/guangliwu/Enviroment/android-ndk-r12b/platforms/android-15/arch-arm/ -o conftest
cc1: error: -Werror=unknown-warning-option: no option -Wunknown-warning-option
--------------------------------------------------
Failed program was:
--------------------------------------------------
int main (void) {  return 0; }
--------------------------------------------------
x264 configure script
Command line options: "--prefix=/home/guangliwu/WorkSpace/MeetingSystem/MeetImmediately/ffmpeg/x264/output/android/arm" "--host=arm-linux" "--enable-pic" "--enable-shared" "--enable-static" "--cross-prefix=/home/guangliwu/Enviroment/android-ndk-r12b/toolchains/arm-linux-androideabi-4.9/prebuilt/linux-x86_64/bin/arm-linux-androideabi-" "--sysroot=/home/guangliwu/Enviroment/android-ndk-r12b/platforms/android-15/arch-arm/" "--disable-asm" "--disable-cli"

checking whether /home/guangliwu/Enviroment/android-ndk-r12b/toolchains/arm-linux-androideabi-4.9/prebuilt/linux-x86_64/bin/arm-linux-androideabi-gcc works... yes
checking whether /home/guangliwu/Enviroment/android-ndk-r12b/toolchains/arm-linux-androideabi-4.9/prebuilt/linux-x86_64/bin/arm-linux-androideabi-gcc supports for( int i = 0; i < 9; i++ ); with -std=gnu99... yes
checking for pthread_create(0,0,0,0); in pthread.h... no
Failed commandline was:
--------------------------------------------------
/home/guangliwu/Enviroment/android-ndk-r12b/toolchains/arm-linux-androideabi-4.9/prebuilt/linux-x86_64/bin/arm-linux-androideabi-gcc conftest.c  -Wall -I. -I$(SRCPATH) --sysroot=/home/guangliwu/Enviroment/android-ndk-r12b/platforms/android-15/arch-arm/ -std=gnu99 -D_GNU_SOURCE  -lpthread   --sysroot=/home/guangliwu/Enviroment/android-ndk-r12b/platforms/android-15/arch-arm/ -lm -o conftest
/home/guangliwu/Enviroment/android-ndk-r12b/toolchains/arm-linux-androideabi-4.9/prebuilt/linux-x86_64/bin/../lib/gcc/arm-linux-androideabi/4.9.x/../../../../arm-linux-androideabi/bin/ld: error: cannot find -lpthread
collect2: error: ld returned 1 exit status
--------------------------------------------------
Failed program was:
--------------------------------------------------
#include <pthread.h>
int main (void) { pthread_create(0,0,0,0); return 0; }
--------------------------------------------------
checking for pthread_create(0,0,0,0); in pthread.h... yes
checking for cpu_set_t p_aff; return CPU_COUNT(&p_aff); in sched.h... no
Failed commandline was:
--------------------------------------------------
/home/guangliwu/Enviroment/android-ndk-r12b/toolchains/arm-linux-androideabi-4.9/prebuilt/linux-x86_64/bin/arm-linux-androideabi-gcc conftest.c  -Wall -I. -I$(SRCPATH) --sysroot=/home/guangliwu/Enviroment/android-ndk-r12b/platforms/android-15/arch-arm/ -std=gnu99 -D_GNU_SOURCE  -D_GNU_SOURCE -Werror   --sysroot=/home/guangliwu/Enviroment/android-ndk-r12b/platforms/android-15/arch-arm/ -lm  -o conftest
conftest.c: In function 'main':
conftest.c:2:19: error: unknown type name 'cpu_set_t'
 int main (void) { cpu_set_t p_aff; return CPU_COUNT(&p_aff); return 0; }
                   ^
conftest.c:2:1: error: implicit declaration of function 'CPU_COUNT' [-Werror=implicit-function-declaration]
 int main (void) { cpu_set_t p_aff; return CPU_COUNT(&p_aff); return 0; }
 ^
cc1: all warnings being treated as errors
--------------------------------------------------
Failed program was:
--------------------------------------------------
#include <sched.h>
int main (void) { cpu_set_t p_aff; return CPU_COUNT(&p_aff); return 0; }
--------------------------------------------------
checking for log2f(2); in math.h... yes
checking for strtok_r(0, 0, 0); in string.h... yes
checking whether defined(MAP_PRIVATE) is true... yes
checking for uint32_t test_vec __attribute__ ((vector_size (16))) = {0,1,2,3}; in stdint.h... yes
checking for stdio.h... yes
checking for -fno-tree-vectorize... yes
checking for fseeko(stdin,0,0); in stdio.h... yes
checking for -Wshadow... yes
checking for -Wmaybe-uninitialized... yes

platform:      ARM
byte order:    little-endian
system:        LINUX
cli:           no
libx264:       internal
shared:        yes
static:        yes
asm:           no
interlaced:    yes
avs:           no
lavf:          no
ffms:          no
mp4:           no
gpl:           yes
thread:        posix
opencl:        yes
filters:       crop select_every 
lto:           no
debug:         no
gprof:         no
strip:         no
PIC:           yes
bit depth:     all
chroma format: all
