checking for -Werror=unknown-warning-option... no
Failed commandline was:
--------------------------------------------------
gcc conftest.c  -Wall -I. -I$(SRCPATH)  -Werror=unknown-warning-option   -o conftest
cc1: error: -Werror=unknown-warning-option: no option -Wunknown-warning-option
--------------------------------------------------
Failed program was:
--------------------------------------------------
int main (void) {  return 0; }
--------------------------------------------------
x264 configure script

checking whether gcc works... yes
checking whether gcc supports for( int i = 0; i < 9; i++ ); with -std=gnu99... yes
checking for -mpreferred-stack-boundary=6... yes
checking whether nasm supports vmovdqa32 [eax]{k1}{z}, zmm0... no
Failed commandline was:
--------------------------------------------------
nasm conftest.asm  -I. -I$(SRCPATH) -DARCH_X86_64=1 -I$(SRCPATH)/common/x86/ -f elf64  -o conftest.o
./configure: line 210: nasm: command not found
--------------------------------------------------
Failed program was:
--------------------------------------------------
vmovdqa32 [eax]{k1}{z}, zmm0
--------------------------------------------------
